android/build/android/app/outputs/logs/manifest-merger-debug-report.txt
-- Merging decision tree log ---
application
INJECTED from src\main\AndroidManifest.xml:2:5-36:19
MERGED from [:firebase_auth] AndroidManifest.xml:9:5-15:19
MERGED from [:firebase_auth] AndroidManifest.xml:9:5-15:19
MERGED from [:firebase_core] AndroidManifest.xml:9:5-15:19
MERGED from [:firebase_core] AndroidManifest.xml:9:5-15:19
MERGED from [:geolocator_android] AndroidManifest.xml:9:5-15:19
MERGED from [:geolocator_android] AndroidManifest.xml:9:5-15:19
MERGED from [com.google.android.gms:play-services-location:21.2.0] AndroidManifest.xml:7:5-20
MERGED from [com.google.android.gms:play-services-location:21.2.0] AndroidManifest.xml:7:5-20
MERGED from [com.google.firebase:firebase-auth:23.0.0] AndroidManifest.xml:28:5-73:19
MERGED from [com.google.firebase:firebase-auth:23.0.0] AndroidManifest.xml:28:5-73:19
MERGED from [androidx.window:window:1.0.0-beta04] AndroidManifest.xml:24:5-31:19
MERGED from [androidx.window:window:1.0.0-beta04] AndroidManifest.xml:24:5-31:19
MERGED from [androidx.credentials:credentials-play-services-auth:1.2.0-rc01] AndroidManifest.xml:23:5-42:19
MERGED from [androidx.credentials:credentials-play-services-auth:1.2.0-rc01] AndroidManifest.xml:23:5-42:19
MERGED from [com.google.firebase:firebase-auth-interop:20.0.0] AndroidManifest.xml:7:5-8:19
MERGED from [com.google.firebase:firebase-auth-interop:20.0.0] AndroidManifest.xml:7:5-8:19
MERGED from [com.google.firebase:firebase-common-ktx:21.0.0] AndroidManifest.xml:8:5-16:19
MERGED from [com.google.firebase:firebase-common-ktx:21.0.0] AndroidManifest.xml:8:5-16:19
MERGED from [com.google.firebase:firebase-common:21.0.0] AndroidManifest.xml:22:5-39:19
MERGED from [com.google.firebase:firebase-common:21.0.0] AndroidManifest.xml:22:5-39:19
MERGED from [com.google.android.gms:play-services-maps:18.2.0] AndroidManifest.xml:36:5-42:19
MERGED from [com.google.android.gms:play-services-maps:18.2.0] AndroidManifest.xml:36:5-42:19
MERGED from [com.google.android.gms:play-services-auth:20.7.0] AndroidManifest.xml:22:5-38:19
MERGED from [com.google.android.gms:play-services-auth:20.7.0] AndroidManifest.xml:22:5-38:19
MERGED from [com.google.firebase:firebase-appcheck-interop:17.0.0] AndroidManifest.xml:23:5-20
MERGED from [com.google.firebase:firebase-appcheck-interop:17.0.0] AndroidManifest.xml:23:5-20
MERGED from [com.google.android.gms:play-services-fido:20.1.0] AndroidManifest.xml:7:5-8:19
MERGED from [com.google.android.gms:play-services-fido:20.1.0] AndroidManifest.xml:7:5-8:19
MERGED from [com.google.android.gms:play-services-base:18.3.0] AndroidManifest.xml:19:5-23:19
MERGED from [com.google.android.gms:play-services-base:18.3.0] AndroidManifest.xml:19:5-23:19
MERGED from [com.google.android.play:integrity:1.2.0] AndroidManifest.xml:5:5-6:19
MERGED from [com.google.android.play:integrity:1.2.0] AndroidManifest.xml:5:5-6:19
MERGED from [com.google.android.gms:play-services-tasks:18.1.0] AndroidManifest.xml:5:5-20
MERGED from [com.google.android.gms:play-services-tasks:18.1.0] AndroidManifest.xml:5:5-20
MERGED from [com.google.android.gms:play-services-basement:18.3.0] AndroidManifest.xml:20:5-24:19
MERGED from [com.google.android.gms:play-services-basement:18.3.0] AndroidManifest.xml:20:5-24:19
MERGED from [androidx.core:core:1.13.0] AndroidManifest.xml:28:5-89
MERGED from [androidx.core:core:1.13.0] AndroidManifest.xml:28:5-89
MERGED from [androidx.profileinstaller:profileinstaller:1.3.0] AndroidManifest.xml:23:5-53:19
MERGED from [androidx.profileinstaller:profileinstaller:1.3.0] AndroidManifest.xml:23:5-53:19
MERGED from [androidx.startup:startup-runtime:1.1.1] AndroidManifest.xml:25:5-31:19
MERGED from [androidx.startup:startup-runtime:1.1.1] AndroidManifest.xml:25:5-31:19
MERGED from [androidx.versionedparcelable:versionedparcelable:1.1.1] AndroidManifest.xml:24:5-25:19
MERGED from [androidx.versionedparcelable:versionedparcelable:1.1.1] AndroidManifest.xml:24:5-25:19
MERGED from [com.google.maps.android:android-maps-utils:3.6.0] AndroidManifest.xml:7:5-11:19
MERGED from [com.google.maps.android:android-maps-utils:3.6.0] AndroidManifest.xml:7:5-11:19
	android:appComponentFactory
		ADDED from [androidx.core:core:1.13.0] AndroidManifest.xml:28:18-86
	android:name
		INJECTED from src\main\AndroidManifest.xml
manifest
ADDED from src\main\AndroidManifest.xml:1:1-48:12
INJECTED from src\main\AndroidManifest.xml:1:1-48:12
INJECTED from src\main\AndroidManifest.xml:1:1-48:12
INJECTED from src\main\AndroidManifest.xml:1:1-48:12
MERGED from src\main\AndroidManifest.xml:1:1-48:12
MERGED from [:firebase_auth] AndroidManifest.xml:2:1-17:12
MERGED from [:firebase_core] AndroidManifest.xml:2:1-17:12
MERGED from [:google_maps_flutter_android] AndroidManifest.xml:2:1-9:12
MERGED from [:flutter_plugin_android_lifecycle] AndroidManifest.xml:2:1-9:12
MERGED from [:geocoding_android] AndroidManifest.xml:2:1-9:12
MERGED from [:geolocator_android] AndroidManifest.xml:2:1-17:12
MERGED from [:google_api_headers] AndroidManifest.xml:2:1-9:12
MERGED from [:package_info_plus] AndroidManifest.xml:2:1-9:12
MERGED from [com.google.android.gms:play-services-location:21.2.0] AndroidManifest.xml:2:1-9:12
MERGED from [com.google.firebase:firebase-auth:23.0.0] AndroidManifest.xml:17:1-75:12
MERGED from [com.google.android.recaptcha:recaptcha:18.4.0] AndroidManifest.xml:2:1-11:12
MERGED from [androidx.window:window-java:1.0.0-beta04] AndroidManifest.xml:17:1-23:12
MERGED from [androidx.window:window:1.0.0-beta04] AndroidManifest.xml:17:1-33:12
MERGED from [androidx.credentials:credentials-play-services-auth:1.2.0-rc01] AndroidManifest.xml:17:1-44:12
MERGED from [androidx.credentials:credentials:1.2.0-rc01] AndroidManifest.xml:2:1-7:12
MERGED from [com.google.firebase:firebase-auth-interop:20.0.0] AndroidManifest.xml:2:1-10:12
MERGED from [com.google.firebase:firebase-common-ktx:21.0.0] AndroidManifest.xml:2:1-18:12
MERGED from [com.google.firebase:firebase-common:21.0.0] AndroidManifest.xml:15:1-41:12
MERGED from [com.google.android.gms:play-services-maps:18.2.0] AndroidManifest.xml:17:1-44:12
MERGED from [com.google.android.gms:play-services-auth:20.7.0] AndroidManifest.xml:17:1-40:12
MERGED from [com.google.android.gms:play-services-auth-api-phone:18.0.2] AndroidManifest.xml:2:1-7:12
MERGED from [com.google.firebase:firebase-appcheck-interop:17.0.0] AndroidManifest.xml:15:1-25:12
MERGED from [com.google.android.gms:play-services-fido:20.1.0] AndroidManifest.xml:2:1-10:12
MERGED from [com.google.android.gms:play-services-auth-base:18.0.4] AndroidManifest.xml:2:1-7:12
MERGED from [com.google.android.gms:play-services-base:18.3.0] AndroidManifest.xml:16:1-24:12
MERGED from [com.google.android.play:integrity:1.2.0] AndroidManifest.xml:2:1-7:12
MERGED from [com.google.android.gms:play-services-tasks:18.1.0] AndroidManifest.xml:2:1-6:12
MERGED from [com.google.android.gms:play-services-basement:18.3.0] AndroidManifest.xml:16:1-26:12
MERGED from [androidx.fragment:fragment:1.1.0] AndroidManifest.xml:17:1-24:12
MERGED from [androidx.browser:browser:1.4.0] AndroidManifest.xml:17:1-24:12
MERGED from [androidx.viewpager:viewpager:1.0.0] AndroidManifest.xml:17:1-22:12
MERGED from [androidx.loader:loader:1.0.0] AndroidManifest.xml:17:1-22:12
MERGED from [androidx.activity:activity:1.0.0] AndroidManifest.xml:17:1-24:12
MERGED from [androidx.customview:customview:1.0.0] AndroidManifest.xml:17:1-22:12
MERGED from [androidx.core:core:1.13.0] AndroidManifest.xml:17:1-30:12
MERGED from [androidx.lifecycle:lifecycle-livedata-core:2.6.2] AndroidManifest.xml:17:1-22:12
MERGED from [androidx.lifecycle:lifecycle-livedata:2.6.2] AndroidManifest.xml:17:1-22:12
MERGED from [androidx.lifecycle:lifecycle-viewmodel:2.6.2] AndroidManifest.xml:17:1-22:12
MERGED from [androidx.lifecycle:lifecycle-runtime:2.6.2] AndroidManifest.xml:2:1-7:12
MERGED from [androidx.savedstate:savedstate:1.0.0] AndroidManifest.xml:17:1-24:12
MERGED from [com.google.android.libraries.identity.googleid:googleid:1.1.0] AndroidManifest.xml:2:1-7:12
MERGED from [androidx.profileinstaller:profileinstaller:1.3.0] AndroidManifest.xml:17:1-55:12
MERGED from [androidx.startup:startup-runtime:1.1.1] AndroidManifest.xml:17:1-33:12
MERGED from [androidx.tracing:tracing:1.0.0] AndroidManifest.xml:17:1-24:12
MERGED from [androidx.interpolator:interpolator:1.0.0] AndroidManifest.xml:17:1-22:12
MERGED from [androidx.versionedparcelable:versionedparcelable:1.1.1] AndroidManifest.xml:17:1-27:12
MERGED from [androidx.localbroadcastmanager:localbroadcastmanager:1.0.0] AndroidManifest.xml:17:1-22:12
MERGED from [com.google.firebase:firebase-components:18.0.0] AndroidManifest.xml:15:1-20:12
MERGED from [androidx.arch.core:core-runtime:2.2.0] AndroidManifest.xml:17:1-22:12
MERGED from [com.google.maps.android:android-maps-utils:3.6.0] AndroidManifest.xml:2:1-13:12
MERGED from [androidx.annotation:annotation-experimental:1.4.0] AndroidManifest.xml:2:1-7:12
INJECTED from src\debug\AndroidManifest.xml:1:1-7:12
INJECTED from src\debug\AndroidManifest.xml:1:1-7:12
INJECTED from src\debug\AndroidManifest.xml:1:1-7:12
	package
		INJECTED from src\main\AndroidManifest.xml
		ADDED from src\main\AndroidManifest.xml:1:1-48:12
		INJECTED from src\debug\AndroidManifest.xml
	android:versionName
		INJECTED from src\main\AndroidManifest.xml
		ADDED from src\main\AndroidManifest.xml:1:1-48:12
		INJECTED from src\debug\AndroidManifest.xml
	android:versionCode
		INJECTED from src\main\AndroidManifest.xml
		ADDED from src\main\AndroidManifest.xml:1:1-48:12
		INJECTED from src\debug\AndroidManifest.xml
	xmlns:android
		ADDED from src\main\AndroidManifest.xml:1:11-69
queries
ADDED from src\main\AndroidManifest.xml:42:5-47:15
MERGED from [com.google.android.gms:play-services-maps:18.2.0] AndroidManifest.xml:30:5-34:15
MERGED from [com.google.android.gms:play-services-maps:18.2.0] AndroidManifest.xml:30:5-34:15
intent#action:name:android.intent.action.PROCESS_TEXT+data:mimeType:text/plain
ADDED from src\main\AndroidManifest.xml:43:9-46:18
action#android.intent.action.PROCESS_TEXT
ADDED from src\main\AndroidManifest.xml:44:13-72
	android:name
		ADDED from src\main\AndroidManifest.xml:44:21-70
data
ADDED from src\main\AndroidManifest.xml:45:13-50
	android:mimeType
		ADDED from src\main\AndroidManifest.xml:45:19-48
uses-sdk
INJECTED from src\main\AndroidManifest.xml reason: use-sdk injection requested
INJECTED from src\main\AndroidManifest.xml
INJECTED from src\main\AndroidManifest.xml
MERGED from [:firebase_auth] AndroidManifest.xml:5:5-7:41
MERGED from [:firebase_auth] AndroidManifest.xml:5:5-7:41
MERGED from [:firebase_core] AndroidManifest.xml:5:5-7:41
MERGED from [:firebase_core] AndroidManifest.xml:5:5-7:41
MERGED from [:google_maps_flutter_android] AndroidManifest.xml:5:5-7:41
MERGED from [:google_maps_flutter_android] AndroidManifest.xml:5:5-7:41
MERGED from [:flutter_plugin_android_lifecycle] AndroidManifest.xml:5:5-7:41
MERGED from [:flutter_plugin_android_lifecycle] AndroidManifest.xml:5:5-7:41
MERGED from [:geocoding_android] AndroidManifest.xml:5:5-7:41
MERGED from [:geocoding_android] AndroidManifest.xml:5:5-7:41
MERGED from [:geolocator_android] AndroidManifest.xml:5:5-7:41
MERGED from [:geolocator_android] AndroidManifest.xml:5:5-7:41
MERGED from [:google_api_headers] AndroidManifest.xml:5:5-7:41
MERGED from [:google_api_headers] AndroidManifest.xml:5:5-7:41
MERGED from [:package_info_plus] AndroidManifest.xml:5:5-7:41
MERGED from [:package_info_plus] AndroidManifest.xml:5:5-7:41
MERGED from [com.google.android.gms:play-services-location:21.2.0] AndroidManifest.xml:5:5-44
MERGED from [com.google.android.gms:play-services-location:21.2.0] AndroidManifest.xml:5:5-44
MERGED from [com.google.firebase:firebase-auth:23.0.0] AndroidManifest.xml:21:5-23:151
MERGED from [com.google.firebase:firebase-auth:23.0.0] AndroidManifest.xml:21:5-23:151
MERGED from [com.google.android.recaptcha:recaptcha:18.4.0] AndroidManifest.xml:5:5-44
MERGED from [com.google.android.recaptcha:recaptcha:18.4.0] AndroidManifest.xml:5:5-44
MERGED from [androidx.window:window-java:1.0.0-beta04] AndroidManifest.xml:19:5-21:41
MERGED from [androidx.window:window-java:1.0.0-beta04] AndroidManifest.xml:19:5-21:41
MERGED from [androidx.window:window:1.0.0-beta04] AndroidManifest.xml:20:5-22:41
MERGED from [androidx.window:window:1.0.0-beta04] AndroidManifest.xml:20:5-22:41
MERGED from [androidx.credentials:credentials-play-services-auth:1.2.0-rc01] AndroidManifest.xml:21:5-44
MERGED from [androidx.credentials:credentials-play-services-auth:1.2.0-rc01] AndroidManifest.xml:21:5-44
MERGED from [androidx.credentials:credentials:1.2.0-rc01] AndroidManifest.xml:5:5-44
MERGED from [androidx.credentials:credentials:1.2.0-rc01] AndroidManifest.xml:5:5-44
MERGED from [com.google.firebase:firebase-auth-interop:20.0.0] AndroidManifest.xml:5:5-44
MERGED from [com.google.firebase:firebase-auth-interop:20.0.0] AndroidManifest.xml:5:5-44
MERGED from [com.google.firebase:firebase-common-ktx:21.0.0] AndroidManifest.xml:5:5-44
MERGED from [com.google.firebase:firebase-common-ktx:21.0.0] AndroidManifest.xml:5:5-44
MERGED from [com.google.firebase:firebase-common:21.0.0] AndroidManifest.xml:19:5-44
MERGED from [com.google.firebase:firebase-common:21.0.0] AndroidManifest.xml:19:5-44
MERGED from [com.google.android.gms:play-services-maps:18.2.0] AndroidManifest.xml:20:5-44
MERGED from [com.google.android.gms:play-services-maps:18.2.0] AndroidManifest.xml:20:5-44
MERGED from [com.google.android.gms:play-services-auth:20.7.0] AndroidManifest.xml:20:5-44
MERGED from [com.google.android.gms:play-services-auth:20.7.0] AndroidManifest.xml:20:5-44
MERGED from [com.google.android.gms:play-services-auth-api-phone:18.0.2] AndroidManifest.xml:5:5-44
MERGED from [com.google.android.gms:play-services-auth-api-phone:18.0.2] AndroidManifest.xml:5:5-44
MERGED from [com.google.firebase:firebase-appcheck-interop:17.0.0] AndroidManifest.xml:18:5-20:41
MERGED from [com.google.firebase:firebase-appcheck-interop:17.0.0] AndroidManifest.xml:18:5-20:41
MERGED from [com.google.android.gms:play-services-fido:20.1.0] AndroidManifest.xml:5:5-44
MERGED from [com.google.android.gms:play-services-fido:20.1.0] AndroidManifest.xml:5:5-44
MERGED from [com.google.android.gms:play-services-auth-base:18.0.4] AndroidManifest.xml:5:5-44
MERGED from [com.google.android.gms:play-services-auth-base:18.0.4] AndroidManifest.xml:5:5-44
MERGED from [com.google.android.gms:play-services-base:18.3.0] AndroidManifest.xml:18:5-43
MERGED from [com.google.android.gms:play-services-base:18.3.0] AndroidManifest.xml:18:5-43
MERGED from [com.google.android.play:integrity:1.2.0] AndroidManifest.xml:4:5-44
MERGED from [com.google.android.play:integrity:1.2.0] AndroidManifest.xml:4:5-44
MERGED from [com.google.android.gms:play-services-tasks:18.1.0] AndroidManifest.xml:4:5-43
MERGED from [com.google.android.gms:play-services-tasks:18.1.0] AndroidManifest.xml:4:5-43
MERGED from [com.google.android.gms:play-services-basement:18.3.0] AndroidManifest.xml:18:5-43
MERGED from [com.google.android.gms:play-services-basement:18.3.0] AndroidManifest.xml:18:5-43
MERGED from [androidx.fragment:fragment:1.1.0] AndroidManifest.xml:20:5-22:41
MERGED from [androidx.fragment:fragment:1.1.0] AndroidManifest.xml:20:5-22:41
MERGED from [androidx.browser:browser:1.4.0] AndroidManifest.xml:20:5-22:41
MERGED from [androidx.browser:browser:1.4.0] AndroidManifest.xml:20:5-22:41
MERGED from [androidx.viewpager:viewpager:1.0.0] AndroidManifest.xml:20:5-44
MERGED from [androidx.viewpager:viewpager:1.0.0] AndroidManifest.xml:20:5-44
MERGED from [androidx.loader:loader:1.0.0] AndroidManifest.xml:20:5-44
MERGED from [androidx.loader:loader:1.0.0] AndroidManifest.xml:20:5-44
MERGED from [androidx.activity:activity:1.0.0] AndroidManifest.xml:20:5-22:41
MERGED from [androidx.activity:activity:1.0.0] AndroidManifest.xml:20:5-22:41
MERGED from [androidx.customview:customview:1.0.0] AndroidManifest.xml:20:5-44
MERGED from [androidx.customview:customview:1.0.0] AndroidManifest.xml:20:5-44
MERGED from [androidx.core:core:1.13.0] AndroidManifest.xml:20:5-44
MERGED from [androidx.core:core:1.13.0] AndroidManifest.xml:20:5-44
MERGED from [androidx.lifecycle:lifecycle-livedata-core:2.6.2] AndroidManifest.xml:20:5-44
MERGED from [androidx.lifecycle:lifecycle-livedata-core:2.6.2] AndroidManifest.xml:20:5-44
MERGED from [androidx.lifecycle:lifecycle-livedata:2.6.2] AndroidManifest.xml:20:5-44
MERGED from [androidx.lifecycle:lifecycle-livedata:2.6.2] AndroidManifest.xml:20:5-44
MERGED from [androidx.lifecycle:lifecycle-viewmodel:2.6.2] AndroidManifest.xml:20:5-44
MERGED from [androidx.lifecycle:lifecycle-viewmodel:2.6.2] AndroidManifest.xml:20:5-44
MERGED from [androidx.lifecycle:lifecycle-runtime:2.6.2] AndroidManifest.xml:5:5-44
MERGED from [androidx.lifecycle:lifecycle-runtime:2.6.2] AndroidManifest.xml:5:5-44
MERGED from [androidx.savedstate:savedstate:1.0.0] AndroidManifest.xml:20:5-22:41
MERGED from [androidx.savedstate:savedstate:1.0.0] AndroidManifest.xml:20:5-22:41
MERGED from [com.google.android.libraries.identity.googleid:googleid:1.1.0] AndroidManifest.xml:5:5-44
MERGED from [com.google.android.libraries.identity.googleid:googleid:1.1.0] AndroidManifest.xml:5:5-44
MERGED from [androidx.profileinstaller:profileinstaller:1.3.0] AndroidManifest.xml:21:5-44
MERGED from [androidx.profileinstaller:profileinstaller:1.3.0] AndroidManifest.xml:21:5-44
MERGED from [androidx.startup:startup-runtime:1.1.1] AndroidManifest.xml:21:5-23:41
MERGED from [androidx.startup:startup-runtime:1.1.1] AndroidManifest.xml:21:5-23:41
MERGED from [androidx.tracing:tracing:1.0.0] AndroidManifest.xml:20:5-22:41
MERGED from [androidx.tracing:tracing:1.0.0] AndroidManifest.xml:20:5-22:41
MERGED from [androidx.interpolator:interpolator:1.0.0] AndroidManifest.xml:20:5-44
MERGED from [androidx.interpolator:interpolator:1.0.0] AndroidManifest.xml:20:5-44
MERGED from [androidx.versionedparcelable:versionedparcelable:1.1.1] AndroidManifest.xml:20:5-22:41
MERGED from [androidx.versionedparcelable:versionedparcelable:1.1.1] AndroidManifest.xml:20:5-22:41
MERGED from [androidx.localbroadcastmanager:localbroadcastmanager:1.0.0] AndroidManifest.xml:20:5-44
MERGED from [androidx.localbroadcastmanager:localbroadcastmanager:1.0.0] AndroidManifest.xml:20:5-44
MERGED from [com.google.firebase:firebase-components:18.0.0] AndroidManifest.xml:18:5-44
MERGED from [com.google.firebase:firebase-components:18.0.0] AndroidManifest.xml:18:5-44
MERGED from [androidx.arch.core:core-runtime:2.2.0] AndroidManifest.xml:20:5-44
MERGED from [androidx.arch.core:core-runtime:2.2.0] AndroidManifest.xml:20:5-44
MERGED from [com.google.maps.android:android-maps-utils:3.6.0] AndroidManifest.xml:5:5-44
MERGED from [com.google.maps.android:android-maps-utils:3.6.0] AndroidManifest.xml:5:5-44
MERGED from [androidx.annotation:annotation-experimental:1.4.0] AndroidManifest.xml:5:5-44
MERGED from [androidx.annotation:annotation-experimental:1.4.0] AndroidManifest.xml:5:5-44
INJECTED from src\debug\AndroidManifest.xml
INJECTED from src\debug\AndroidManifest.xml
	tools:overrideLibrary
		ADDED from [com.google.firebase:firebase-auth:23.0.0] AndroidManifest.xml:23:9-148
	android:targetSdkVersion
		INJECTED from src\main\AndroidManifest.xml
		INJECTED from src\debug\AndroidManifest.xml
	android:minSdkVersion
		INJECTED from src\main\AndroidManifest.xml
		INJECTED from src\debug\AndroidManifest.xml
uses-permission#android.permission.INTERNET
ADDED from src\debug\AndroidManifest.xml:6:5-66
MERGED from [com.google.firebase:firebase-auth:23.0.0] AndroidManifest.xml:25:5-67
MERGED from [com.google.firebase:firebase-auth:23.0.0] AndroidManifest.xml:25:5-67
MERGED from [com.google.android.recaptcha:recaptcha:18.4.0] AndroidManifest.xml:7:5-67
MERGED from [com.google.android.recaptcha:recaptcha:18.4.0] AndroidManifest.xml:7:5-67
MERGED from [com.google.android.gms:play-services-maps:18.2.0] AndroidManifest.xml:24:5-67
MERGED from [com.google.android.gms:play-services-maps:18.2.0] AndroidManifest.xml:24:5-67
	android:name
		ADDED from src\debug\AndroidManifest.xml:6:22-64
service#com.google.firebase.components.ComponentDiscoveryService
ADDED from [:firebase_auth] AndroidManifest.xml:10:9-14:19
MERGED from [:firebase_core] AndroidManifest.xml:10:9-14:19
MERGED from [:firebase_core] AndroidManifest.xml:10:9-14:19
MERGED from [com.google.firebase:firebase-auth:23.0.0] AndroidManifest.xml:66:9-72:19
MERGED from [com.google.firebase:firebase-auth:23.0.0] AndroidManifest.xml:66:9-72:19
MERGED from [com.google.firebase:firebase-common-ktx:21.0.0] AndroidManifest.xml:9:9-15:19
MERGED from [com.google.firebase:firebase-common-ktx:21.0.0] AndroidManifest.xml:9:9-15:19
MERGED from [com.google.firebase:firebase-common:21.0.0] AndroidManifest.xml:30:9-38:19
MERGED from [com.google.firebase:firebase-common:21.0.0] AndroidManifest.xml:30:9-38:19
	android:exported
		ADDED from [com.google.firebase:firebase-auth:23.0.0] AndroidManifest.xml:68:13-37
	tools:targetApi
		ADDED from [com.google.firebase:firebase-common:21.0.0] AndroidManifest.xml:34:13-32
	android:directBootAware
		ADDED from [com.google.firebase:firebase-common:21.0.0] AndroidManifest.xml:32:13-43
	android:name
		ADDED from [:firebase_auth] AndroidManifest.xml:10:18-89
meta-data#com.google.firebase.components:io.flutter.plugins.firebase.auth.FlutterFirebaseAuthRegistrar
ADDED from [:firebase_auth] AndroidManifest.xml:11:13-13:85
	android:value
		ADDED from [:firebase_auth] AndroidManifest.xml:13:17-82
	android:name
		ADDED from [:firebase_auth] AndroidManifest.xml:12:17-124
meta-data#com.google.firebase.components:io.flutter.plugins.firebase.core.FlutterFirebaseCoreRegistrar
ADDED from [:firebase_core] AndroidManifest.xml:11:13-13:85
	android:value
		ADDED from [:firebase_core] AndroidManifest.xml:13:17-82
	android:name
		ADDED from [:firebase_core] AndroidManifest.xml:12:17-124
service#com.baseflow.geolocator.GeolocatorLocationService
ADDED from [:geolocator_android] AndroidManifest.xml:10:9-14:56
	android:enabled
		ADDED from [:geolocator_android] AndroidManifest.xml:12:13-35
	android:exported
		ADDED from [:geolocator_android] AndroidManifest.xml:13:13-37
	android:foregroundServiceType
		ADDED from [:geolocator_android] AndroidManifest.xml:14:13-53
	android:name
		ADDED from [:geolocator_android] AndroidManifest.xml:11:13-77
uses-permission#android.permission.ACCESS_NETWORK_STATE
ADDED from [com.google.firebase:firebase-auth:23.0.0] AndroidManifest.xml:26:5-79
MERGED from [com.google.android.recaptcha:recaptcha:18.4.0] AndroidManifest.xml:8:5-79
MERGED from [com.google.android.recaptcha:recaptcha:18.4.0] AndroidManifest.xml:8:5-79
MERGED from [com.google.android.gms:play-services-maps:18.2.0] AndroidManifest.xml:23:5-79
MERGED from [com.google.android.gms:play-services-maps:18.2.0] AndroidManifest.xml:23:5-79
	android:name
		ADDED from [com.google.firebase:firebase-auth:23.0.0] AndroidManifest.xml:26:22-76
activity#com.google.firebase.auth.internal.GenericIdpActivity
ADDED from [com.google.firebase:firebase-auth:23.0.0] AndroidManifest.xml:29:9-46:20
	android:excludeFromRecents
		ADDED from [com.google.firebase:firebase-auth:23.0.0] AndroidManifest.xml:31:13-46
	android:launchMode
		ADDED from [com.google.firebase:firebase-auth:23.0.0] AndroidManifest.xml:33:13-44
	android:exported
		ADDED from [com.google.firebase:firebase-auth:23.0.0] AndroidManifest.xml:32:13-36
	android:theme
		ADDED from [com.google.firebase:firebase-auth:23.0.0] AndroidManifest.xml:34:13-72
	android:name
		ADDED from [com.google.firebase:firebase-auth:23.0.0] AndroidManifest.xml:30:13-80
intent-filter#action:name:android.intent.action.VIEW+category:name:android.intent.category.BROWSABLE+category:name:android.intent.category.DEFAULT+data:host:firebase.auth+data:path:/+data:scheme:genericidp
ADDED from [com.google.firebase:firebase-auth:23.0.0] AndroidManifest.xml:35:13-45:29
action#android.intent.action.VIEW
ADDED from [com.google.firebase:firebase-auth:23.0.0] AndroidManifest.xml:36:17-69
	android:name
		ADDED from [com.google.firebase:firebase-auth:23.0.0] AndroidManifest.xml:36:25-66
category#android.intent.category.DEFAULT
ADDED from [com.google.firebase:firebase-auth:23.0.0] AndroidManifest.xml:38:17-76
	android:name
		ADDED from [com.google.firebase:firebase-auth:23.0.0] AndroidManifest.xml:38:27-73
category#android.intent.category.BROWSABLE
ADDED from [com.google.firebase:firebase-auth:23.0.0] AndroidManifest.xml:39:17-78
	android:name
		ADDED from [com.google.firebase:firebase-auth:23.0.0] AndroidManifest.xml:39:27-75
activity#com.google.firebase.auth.internal.RecaptchaActivity
ADDED from [com.google.firebase:firebase-auth:23.0.0] AndroidManifest.xml:47:9-64:20
	android:excludeFromRecents
		ADDED from [com.google.firebase:firebase-auth:23.0.0] AndroidManifest.xml:49:13-46
	android:launchMode
		ADDED from [com.google.firebase:firebase-auth:23.0.0] AndroidManifest.xml:51:13-44
	android:exported
		ADDED from [com.google.firebase:firebase-auth:23.0.0] AndroidManifest.xml:50:13-36
	android:theme
		ADDED from [com.google.firebase:firebase-auth:23.0.0] AndroidManifest.xml:52:13-72
	android:name
		ADDED from [com.google.firebase:firebase-auth:23.0.0] AndroidManifest.xml:48:13-79
intent-filter#action:name:android.intent.action.VIEW+category:name:android.intent.category.BROWSABLE+category:name:android.intent.category.DEFAULT+data:host:firebase.auth+data:path:/+data:scheme:recaptcha
ADDED from [com.google.firebase:firebase-auth:23.0.0] AndroidManifest.xml:53:13-63:29
meta-data#com.google.firebase.components:com.google.firebase.auth.FirebaseAuthRegistrar
ADDED from [com.google.firebase:firebase-auth:23.0.0] AndroidManifest.xml:69:13-71:85
	android:value
		ADDED from [com.google.firebase:firebase-auth:23.0.0] AndroidManifest.xml:71:17-82
	android:name
		ADDED from [com.google.firebase:firebase-auth:23.0.0] AndroidManifest.xml:70:17-109
uses-permission#com.google.android.providers.gsf.permission.READ_GSERVICES
ADDED from [com.google.android.recaptcha:recaptcha:18.4.0] AndroidManifest.xml:9:5-98
	android:name
		ADDED from [com.google.android.recaptcha:recaptcha:18.4.0] AndroidManifest.xml:9:22-95
uses-library#androidx.window.extensions
ADDED from [androidx.window:window:1.0.0-beta04] AndroidManifest.xml:25:9-27:40
	android:required
		ADDED from [androidx.window:window:1.0.0-beta04] AndroidManifest.xml:27:13-37
	android:name
		ADDED from [androidx.window:window:1.0.0-beta04] AndroidManifest.xml:26:13-54
uses-library#androidx.window.sidecar
ADDED from [androidx.window:window:1.0.0-beta04] AndroidManifest.xml:28:9-30:40
	android:required
		ADDED from [androidx.window:window:1.0.0-beta04] AndroidManifest.xml:30:13-37
	android:name
		ADDED from [androidx.window:window:1.0.0-beta04] AndroidManifest.xml:29:13-51
service#androidx.credentials.playservices.CredentialProviderMetadataHolder
ADDED from [androidx.credentials:credentials-play-services-auth:1.2.0-rc01] AndroidManifest.xml:24:9-32:19
	android:enabled
		ADDED from [androidx.credentials:credentials-play-services-auth:1.2.0-rc01] AndroidManifest.xml:26:13-35
	android:exported
		ADDED from [androidx.credentials:credentials-play-services-auth:1.2.0-rc01] AndroidManifest.xml:27:13-37
	tools:ignore
		ADDED from [androidx.credentials:credentials-play-services-auth:1.2.0-rc01] AndroidManifest.xml:28:13-60
	android:name
		ADDED from [androidx.credentials:credentials-play-services-auth:1.2.0-rc01] AndroidManifest.xml:25:13-94
meta-data#androidx.credentials.CREDENTIAL_PROVIDER_KEY
ADDED from [androidx.credentials:credentials-play-services-auth:1.2.0-rc01] AndroidManifest.xml:29:13-31:104
	android:value
		ADDED from [androidx.credentials:credentials-play-services-auth:1.2.0-rc01] AndroidManifest.xml:31:17-101
	android:name
		ADDED from [androidx.credentials:credentials-play-services-auth:1.2.0-rc01] AndroidManifest.xml:30:17-76
activity#androidx.credentials.playservices.HiddenActivity
ADDED from [androidx.credentials:credentials-play-services-auth:1.2.0-rc01] AndroidManifest.xml:34:9-41:20
	android:fitsSystemWindows
		ADDED from [androidx.credentials:credentials-play-services-auth:1.2.0-rc01] AndroidManifest.xml:39:13-45
	android:enabled
		ADDED from [androidx.credentials:credentials-play-services-auth:1.2.0-rc01] AndroidManifest.xml:37:13-35
	android:exported
		ADDED from [androidx.credentials:credentials-play-services-auth:1.2.0-rc01] AndroidManifest.xml:38:13-37
	android:configChanges
		ADDED from [androidx.credentials:credentials-play-services-auth:1.2.0-rc01] AndroidManifest.xml:36:13-87
	android:theme
		ADDED from [androidx.credentials:credentials-play-services-auth:1.2.0-rc01] AndroidManifest.xml:40:13-48
	android:name
		ADDED from [androidx.credentials:credentials-play-services-auth:1.2.0-rc01] AndroidManifest.xml:35:13-76
meta-data#com.google.firebase.components:com.google.firebase.ktx.FirebaseCommonLegacyRegistrar
ADDED from [com.google.firebase:firebase-common-ktx:21.0.0] AndroidManifest.xml:12:13-14:85
	android:value
		ADDED from [com.google.firebase:firebase-common-ktx:21.0.0] AndroidManifest.xml:14:17-82
	android:name
		ADDED from [com.google.firebase:firebase-common-ktx:21.0.0] AndroidManifest.xml:13:17-116
provider#com.google.firebase.provider.FirebaseInitProvider
ADDED from [com.google.firebase:firebase-common:21.0.0] AndroidManifest.xml:23:9-28:39
	android:authorities
		ADDED from [com.google.firebase:firebase-common:21.0.0] AndroidManifest.xml:25:13-72
	android:exported
		ADDED from [com.google.firebase:firebase-common:21.0.0] AndroidManifest.xml:27:13-37
	android:directBootAware
		ADDED from [com.google.firebase:firebase-common:21.0.0] AndroidManifest.xml:26:13-43
	android:initOrder
		ADDED from [com.google.firebase:firebase-common:21.0.0] AndroidManifest.xml:28:13-36
	android:name
		ADDED from [com.google.firebase:firebase-common:21.0.0] AndroidManifest.xml:24:13-77
meta-data#com.google.firebase.components:com.google.firebase.FirebaseCommonKtxRegistrar